             GGG   U   U  I  DDDD   EEEE
            G   G  U   U  I  D   D  E
            G      U   U  I  D   D  E
            G  GG  U   U  I  D   D  EEE
            G   G  U   U  I  D   D  E
            G   G  U   U  I  D   D  E
             GGG    UUU   I  DDDD   EEEE

 GUIDE Classification and Regression Trees and Forests
 Compiled with NAG Fortran 6.2.0 on Mac OS X Sierra 10.12.6
 Version 27.0 (Build date: November 6, 2017)
 Copyright (c) 1997-2017 Wei-Yin Loh. All rights reserved.
 This software is based upon work supported by the U.S. Army Research Office,
 the National Science Foundation and the National Institutes of Health.

 This job was started on: 12/15/17 at 18:34

 Classification tree
 No pruning
 Data description file: lactamase.dsc
 Training sample file: lactamase.csv
 Missing value code: NA
 Records in data file start on line 2
 Warning: B variables changed to C
 Dependent variable is Functionality
 Number of records in data file: 553
 Length of longest data entry: 1
 Number of classes: 2
 Class proportions of dependent variable Functionality:
 Class      #Cases    Proportion
 0             442    0.79927667
 1             111    0.20072333

      Total  #cases w/   #missing
     #cases    miss. D  ord. vals   #X-var   #N-var   #F-var   #S-var   #B-var   #C-var
        553          0          0        0        0        0        0        0        8
 No. cases used for training: 553

 Importance scoring of variables
 Univariate split highest priority
 Interaction splits 2nd priority; no linear splits
 Fraction of noise variables erroneously identified as important = .01000
 Simple node models
 Estimated priors
 Unit misclassification costs
 Fraction of cases used for splitting each node:  0.43400E-01
 Max. number of split levels: 3
 Min. node sample size: 2

 Structure of final tree. Each terminal node is marked with a T.

 Node cost is node misclassification cost divided by number of training cases
        Node    Total    Train    Predicted        Node    Split          Interacting
       label    cases    cases    class            cost    variables      variable
           1      553      553    0              2.007E-01 x3
           2      339      339    0              2.979E-01 x8
           4      106      106    1              4.906E-01 x1
           8T      48       48    1              1.875E-01 x2
           9T      58       58    0              2.586E-01 x2
           5      233      233    0              2.017E-01 x1
          10T      58       58    1              3.621E-01 x2
          11T     175      175    0              5.714E-02 x8
           3      214      214    0              4.673E-02 x1
           6       36       36    0              1.111E-01 x3
          12T      14       14    0              2.143E-01 x2
          13T      22       22    0              4.545E-02 -
           7      178      178    0              3.371E-02 x7
          14T     119      119    0              5.042E-02 x2
          15T      59       59    0              0.000E+00 -

 Number of terminal nodes of final tree: 8
 Total number of nodes of final tree: 15
 Second best split variable (based on curvature test) at root node is x1

 Classification tree:

  Node 1: x3 = "3"
    Node 2: x8 = "3"
      Node 4: x1 = "3"
        Node 8: 1
      Node 4: x1 /= "3"
        Node 9: 0
    Node 2: x8 /= "3"
      Node 5: x1 = "2"
        Node 10: 1
      Node 5: x1 /= "2"
        Node 11: 0
  Node 1: x3 /= "3"
    Node 3: x1 = "2"
      Node 6: x3 = "1"
        Node 12: 0
      Node 6: x3 /= "1"
        Node 13: 0
    Node 3: x1 /= "2"
      Node 7: x7 = "3"
        Node 14: 0
      Node 7: x7 /= "3"
        Node 15: 0

 ***************************************************************


 Node 1: Intermediate node
 A case goes into Node 2 if x3 = "3"
 x3 mode = "3"
 Class      Number  ClassPrior
 0             442     0.79928
 1             111     0.20072
 Number of training cases misclassified =  111
 Predicted class is 0
 ----------------------------
 Node 2: Intermediate node
 A case goes into Node 4 if x8 = "3"
 x8 mode = "2"
 Class      Number  ClassPrior
 0             238     0.70206
 1             101     0.29794
 Number of training cases misclassified =  101
 Predicted class is 0
 ----------------------------
 Node 4: Intermediate node
 A case goes into Node 8 if x1 = "3"
 x1 mode = "3"
 Class      Number  ClassPrior
 0              52     0.49057
 1              54     0.50943
 Number of training cases misclassified =  52
 Predicted class is 1
 ----------------------------
 Node 8: Terminal node
 Class      Number  ClassPrior
 0               9     0.18750
 1              39     0.81250
 Number of training cases misclassified =  9
 Predicted class is 1
 ----------------------------
 Node 9: Terminal node
 Class      Number  ClassPrior
 0              43     0.74138
 1              15     0.25862
 Number of training cases misclassified =  15
 Predicted class is 0
 ----------------------------
 Node 5: Intermediate node
 A case goes into Node 10 if x1 = "2"
 x1 mode = "1"
 Class      Number  ClassPrior
 0             186     0.79828
 1              47     0.20172
 Number of training cases misclassified =  47
 Predicted class is 0
 ----------------------------
 Node 10: Terminal node
 Class      Number  ClassPrior
 0              21     0.36207
 1              37     0.63793
 Number of training cases misclassified =  21
 Predicted class is 1
 ----------------------------
 Node 11: Terminal node
 Class      Number  ClassPrior
 0             165     0.94286
 1              10     0.05714
 Number of training cases misclassified =  10
 Predicted class is 0
 ----------------------------
 Node 3: Intermediate node
 A case goes into Node 6 if x1 = "2"
 x1 mode = "1"
 Class      Number  ClassPrior
 0             204     0.95327
 1              10     0.04673
 Number of training cases misclassified =  10
 Predicted class is 0
 ----------------------------
 Node 6: Intermediate node
 A case goes into Node 12 if x3 = "1"
 x3 mode = "2"
 Class      Number  ClassPrior
 0              32     0.88889
 1               4     0.11111
 Number of training cases misclassified =  4
 Predicted class is 0
 ----------------------------
 Node 12: Terminal node
 Class      Number  ClassPrior
 0              11     0.78571
 1               3     0.21429
 Number of training cases misclassified =  3
 Predicted class is 0
 ----------------------------
 Node 13: Terminal node
 Class      Number  ClassPrior
 0              21     0.95455
 1               1     0.04545
 Number of training cases misclassified =  1
 Predicted class is 0
 ----------------------------
 Node 7: Intermediate node
 A case goes into Node 14 if x7 = "3"
 x7 mode = "3"
 Class      Number  ClassPrior
 0             172     0.96629
 1               6     0.03371
 Number of training cases misclassified =  6
 Predicted class is 0
 ----------------------------
 Node 14: Terminal node
 Class      Number  ClassPrior
 0             113     0.94958
 1               6     0.05042
 Number of training cases misclassified =  6
 Predicted class is 0
 ----------------------------
 Node 15: Terminal node
 Class      Number  ClassPrior
 0              59     1.00000
 1               0     0.00000
 Number of training cases misclassified =  0
 Predicted class is 0
 ----------------------------

 ******************************************************
 Variables used for splitting:
 x1
 x3
 x7
 x8

 Number of terminal nodes: 8

  Predictor variables sorted by importance scores
  Importance Scores
 Scaled       Unscaled         Rank  Variable
  100.0    1.02448E+01         1.00  x1
   64.3    6.59185E+00         2.00  x8
   52.9    5.41504E+00         3.00  x3
   36.9    3.78309E+00         4.00  x2
   23.2    2.38121E+00         5.00  x7
   16.6    1.70008E+00         6.00  x5
 ----------------- cut-off -------------------
    3.5    3.54249E-01         7.00  x4
    1.3    1.36122E-01         8.00  x6
 Variables with unscaled scores above 1 are important

 Number of important and unimportant split variables: 6, 2
 Importance scores are stored in lactamase_importance_scores
 Elapsed time in seconds:    3.8341999E-02
